<?xml version="1.0" encoding="UTF-8"?>
<!-- Generated by org.testng.reporters.JUnitXMLReporter -->
<testsuite ignored="0" hostname="AmolPC" failures="0" tests="2" name="Error Validation Test" time="22.961" errors="0" timestamp="2022-10-18T17:44:38 IST">
  <testcase classname="onlineShopping.Tests.ErrorValidationTest" name="ProductErrorValidation" time="1.949"/>
  <testcase classname="onlineShopping.Tests.ErrorValidationTest" name="loginpageerrorMessage" time="10.22"/>
</testsuite> <!-- Error Validation Test -->
