<?xml version="1.0" encoding="UTF-8"?>
<!-- Generated by org.testng.reporters.JUnitXMLReporter -->
<testsuite ignored="2" hostname="AmolPC" failures="0" tests="0" time="0.011" errors="0" timestamp="2022-10-22T18:23:08 IST">
  <testcase classname="onlineShopping.Tests.ErrorValidationTest" name="loginpageerrorMessage" time="0.0">
    <ignored/>
  </testcase> <!-- loginpageerrorMessage -->
  <testcase classname="onlineShopping.Tests.ErrorValidationTest" name="ProductErrorValidation" time="0.0">
    <ignored/>
  </testcase> <!-- ProductErrorValidation -->
</testsuite>
