<?xml version="1.0" encoding="UTF-8"?>
<!-- Generated by org.testng.reporters.JUnitXMLReporter -->
<testsuite ignored="1" hostname="AmolPC" failures="0" tests="2" name="Login Order Test" time="54.861" errors="0" timestamp="2022-10-22T18:24:03 IST">
  <testcase classname="onlineShopping.Tests.LoginOrderTest" name="submitorder" time="39.896"/>
  <testcase classname="onlineShopping.Tests.LoginOrderTest" name="submitorder" time="14.378"/>
  <testcase classname="onlineShopping.Tests.LoginOrderTest" name="OrderHistoryTest" time="0.0">
    <ignored/>
  </testcase> <!-- OrderHistoryTest -->
</testsuite> <!-- Login Order Test -->
