<?xml version="1.0" encoding="UTF-8"?>
<testng-results ignored="0" total="2" passed="2" failed="0" skipped="0">
  <reporter-output>
  </reporter-output>
  <suite started-at="2022-10-18T23:51:30 IST" name="Default suite" finished-at="2022-10-18T23:52:00 IST" duration-ms="30031">
    <groups>
    </groups>
    <test started-at="2022-10-18T23:51:30 IST" name="Default test" finished-at="2022-10-18T23:52:00 IST" duration-ms="30031">
      <class name="onlineShopping.Tests.LoginOrderTest">
        <test-method is-config="true" signature="launchingbrowser()[pri:0, instance:onlineShopping.Tests.LoginOrderTest@6dc17b83]" started-at="2022-10-18T23:51:30 IST" name="launchingbrowser" finished-at="2022-10-18T23:51:40 IST" duration-ms="9934" status="PASS">
          <reporter-output>
          </reporter-output>
        </test-method> <!-- launchingbrowser -->
        <test-method signature="submitorder()[pri:-1, instance:onlineShopping.Tests.LoginOrderTest@6dc17b83]" started-at="2022-10-18T23:51:40 IST" name="submitorder" finished-at="2022-10-18T23:51:52 IST" duration-ms="12123" status="PASS">
          <reporter-output>
          </reporter-output>
        </test-method> <!-- submitorder -->
        <test-method signature="OrderHistoryTest()[pri:0, instance:onlineShopping.Tests.LoginOrderTest@6dc17b83]" started-at="2022-10-18T23:51:52 IST" name="OrderHistoryTest" finished-at="2022-10-18T23:52:00 IST" depends-on-methods="onlineShopping.Tests.LoginOrderTest.submitorder" duration-ms="7705" status="PASS">
          <reporter-output>
          </reporter-output>
        </test-method> <!-- OrderHistoryTest -->
        <test-method is-config="true" signature="teardown()[pri:0, instance:onlineShopping.Tests.LoginOrderTest@6dc17b83]" started-at="2022-10-18T23:52:00 IST" name="teardown" finished-at="2022-10-18T23:52:00 IST" duration-ms="151" status="PASS">
          <reporter-output>
          </reporter-output>
        </test-method> <!-- teardown -->
      </class> <!-- onlineShopping.Tests.LoginOrderTest -->
    </test> <!-- Default test -->
  </suite> <!-- Default suite -->
</testng-results>
