<?xml version="1.0" encoding="UTF-8"?>
<testng-results ignored="3" total="5" passed="2" failed="0" skipped="0">
  <reporter-output>
  </reporter-output>
  <suite started-at="2022-10-22T18:23:08 IST" name="Suite" finished-at="2022-10-22T18:24:03 IST" duration-ms="54861">
    <groups>
      <group name="Purchase">
        <method signature="LoginOrderTest.submitorder(java.util.HashMap)[pri:0, instance:onlineShopping.Tests.LoginOrderTest@32eff876]" name="submitorder" class="onlineShopping.Tests.LoginOrderTest"/>
      </group> <!-- Purchase -->
    </groups>
    <test started-at="2022-10-22T18:23:08 IST" name="Ecommerce Test" finished-at="2022-10-22T18:23:08 IST" duration-ms="11">
    </test> <!-- Ecommerce Test -->
    <test started-at="2022-10-22T18:23:08 IST" name="Error Validation Test" finished-at="2022-10-22T18:23:08 IST" duration-ms="11">
    </test> <!-- Error Validation Test -->
    <test started-at="2022-10-22T18:23:08 IST" name="Login Order Test" finished-at="2022-10-22T18:24:03 IST" duration-ms="54861">
      <class name="onlineShopping.Tests.LoginOrderTest">
        <test-method signature="submitorder(java.util.HashMap)[pri:0, instance:onlineShopping.Tests.LoginOrderTest@32eff876]" started-at="2022-10-22T18:23:09 IST" name="submitorder" data-provider="getData" finished-at="2022-10-22T18:23:49 IST" duration-ms="39896" status="PASS">
          <params>
            <param index="0">
              <value>
                <![CDATA[{password=Google@1774$, product=ZARA COAT 3, email=chakreamol720@gmail.com}]]>
              </value>
            </param>
          </params>
          <reporter-output>
          </reporter-output>
        </test-method> <!-- submitorder -->
        <test-method signature="submitorder(java.util.HashMap)[pri:0, instance:onlineShopping.Tests.LoginOrderTest@32eff876]" started-at="2022-10-22T18:23:49 IST" name="submitorder" data-provider="getData" finished-at="2022-10-22T18:24:03 IST" duration-ms="14378" status="PASS">
          <params>
            <param index="0">
              <value>
                <![CDATA[{password=Google@1774$, product=ZARA COAT 3, email=amol_c015@yahoo.com}]]>
              </value>
            </param>
          </params>
          <reporter-output>
          </reporter-output>
        </test-method> <!-- submitorder -->
      </class> <!-- onlineShopping.Tests.LoginOrderTest -->
    </test> <!-- Login Order Test -->
  </suite> <!-- Suite -->
</testng-results>
